# JRE version: Java(TM) SE Runtime Environment (7.0_40-b43) (build 1.7.0_40-b43)
# Java VM: Java HotSpot(TM) 64-Bit Server VM (24.0-b56 mixed mode linux-amd64 compressed oops)
Heap
 PSYoungGen      total 72192K, used 43390K [0x00000000f5500000, 0x00000000fd480000, 0x0000000100000000)
  eden space 63488K, 54% used [0x00000000f5500000,0x00000000f76e1fc0,0x00000000f9300000)
  from space 8704K, 99% used [0x00000000f9300000,0x00000000f9b7dc10,0x00000000f9b80000)
  to   space 14336K, 0% used [0x00000000fc680000,0x00000000fc680000,0x00000000fd480000)
 ParOldGen       total 44032K, used 35315K [0x00000000e0000000, 0x00000000e2b00000, 0x00000000f5500000)
  object space 44032K, 80% used [0x00000000e0000000,0x00000000e227cd78,0x00000000e2b00000)
 PSPermGen       total 41984K, used 41731K [0x00000000d0000000, 0x00000000d2900000, 0x00000000e0000000)
  object space 41984K, 99% used [0x00000000d0000000,0x00000000d28c0fb0,0x00000000d2900000)
GC Heap History (10 events):
Event: 17.086 GC heap before
{Heap before GC invocations=11 (full 0):
 PSYoungGen      total 32768K, used 31014K [0x00000000f5500000, 0x00000000f7d00000, 0x0000000100000000)
  eden space 24576K, 100% used [0x00000000f5500000,0x00000000f6d00000,0x00000000f6d00000)
  from space 8192K, 78% used [0x00000000f7500000,0x00000000f7b499d0,0x00000000f7d00000)
  to   space 8192K, 0% used [0x00000000f6d00000,0x00000000f6d00000,0x00000000f7500000)
 ParOldGen       total 44032K, used 17443K [0x00000000e0000000, 0x00000000e2b00000, 0x00000000f5500000)
  object space 44032K, 39% used [0x00000000e0000000,0x00000000e1108ce0,0x00000000e2b00000)
 PSPermGen       total 21504K, used 11454K [0x00000000d0000000, 0x00000000d1500000, 0x00000000e0000000)
  object space 21504K, 53% used [0x00000000d0000000,0x00000000d0b2fa28,0x00000000d1500000)
Event: 17.102 GC heap after
Heap after GC invocations=11 (full 0):
 PSYoungGen      total 32768K, used 1639K [0x00000000f5500000, 0x00000000f8c80000, 0x0000000100000000)
  eden space 24576K, 0% used [0x00000000f5500000,0x00000000f5500000,0x00000000f6d00000)
  from space 8192K, 20% used [0x00000000f6d00000,0x00000000f6e99ee0,0x00000000f7500000)
  to   space 8704K, 0% used [0x00000000f8400000,0x00000000f8400000,0x00000000f8c80000)
 ParOldGen       total 44032K, used 22470K [0x00000000e0000000, 0x00000000e2b00000, 0x00000000f5500000)
  object space 44032K, 51% used [0x00000000e0000000,0x00000000e15f1b28,0x00000000e2b00000)
 PSPermGen       total 21504K, used 11454K [0x00000000d0000000, 0x00000000d1500000, 0x00000000e0000000)
  object space 21504K, 53% used [0x00000000d0000000,0x00000000d0b2fa28,0x00000000d1500000)
}
Event: 17.471 GC heap before
{Heap before GC invocations=12 (full 0):
 PSYoungGen      total 32768K, used 26215K [0x00000000f5500000, 0x00000000f8c80000, 0x0000000100000000)
  eden space 24576K, 100% used [0x00000000f5500000,0x00000000f6d00000,0x00000000f6d00000)
  from space 8192K, 20% used [0x00000000f6d00000,0x00000000f6e99ee0,0x00000000f7500000)
  to   space 8704K, 0% used [0x00000000f8400000,0x00000000f8400000,0x00000000f8c80000)
 ParOldGen       total 44032K, used 22470K [0x00000000e0000000, 0x00000000e2b00000, 0x00000000f5500000)
  object space 44032K, 51% used [0x00000000e0000000,0x00000000e15f1b28,0x00000000e2b00000)
 PSPermGen       total 21504K, used 11474K [0x00000000d0000000, 0x00000000d1500000, 0x00000000e0000000)
  object space 21504K, 53% used [0x00000000d0000000,0x00000000d0b34968,0x00000000d1500000)
Event: 17.478 GC heap after
Heap after GC invocations=12 (full 0):
 PSYoungGen      total 48128K, used 2421K [0x00000000f5500000, 0x00000000f8c80000, 0x0000000100000000)
  eden space 39424K, 0% used [0x00000000f5500000,0x00000000f5500000,0x00000000f7b80000)
  from space 8704K, 27% used [0x00000000f8400000,0x00000000f865d6b0,0x00000000f8c80000)
  to   space 8704K, 0% used [0x00000000f7b80000,0x00000000f7b80000,0x00000000f8400000)
 ParOldGen       total 44032K, used 22553K [0x00000000e0000000, 0x00000000e2b00000, 0x00000000f5500000)
  object space 44032K, 51% used [0x00000000e0000000,0x00000000e16067b0,0x00000000e2b00000)
 PSPermGen       total 21504K, used 11474K [0x00000000d0000000, 0x00000000d1500000, 0x00000000e0000000)
  object space 21504K, 53% used [0x00000000d0000000,0x00000000d0b34968,0x00000000d1500000)
}
Event: 18.173 GC heap before
{Heap before GC invocations=13 (full 0):
 PSYoungGen      total 48128K, used 41845K [0x00000000f5500000, 0x00000000f8c80000, 0x0000000100000000)
  eden space 39424K, 100% used [0x00000000f5500000,0x00000000f7b80000,0x00000000f7b80000)
  from space 8704K, 27% used [0x00000000f8400000,0x00000000f865d6b0,0x00000000f8c80000)
  to   space 8704K, 0% used [0x00000000f7b80000,0x00000000f7b80000,0x00000000f8400000)
 ParOldGen       total 44032K, used 22553K [0x00000000e0000000, 0x00000000e2b00000, 0x00000000f5500000)
  object space 44032K, 51% used [0x00000000e0000000,0x00000000e16067b0,0x00000000e2b00000)
 PSPermGen       total 21504K, used 11479K [0x00000000d0000000, 0x00000000d1500000, 0x00000000e0000000)
  object space 21504K, 53% used [0x00000000d0000000,0x00000000d0b35da8,0x00000000d1500000)
Event: 18.187 GC heap after
Heap after GC invocations=13 (full 0):
 PSYoungGen      total 48128K, used 3478K [0x00000000f5500000, 0x00000000fa400000, 0x0000000100000000)
  eden space 39424K, 0% used [0x00000000f5500000,0x00000000f5500000,0x00000000f7b80000)
  from space 8704K, 39% used [0x00000000f7b80000,0x00000000f7ee5ab0,0x00000000f8400000)
  to   space 8704K, 0% used [0x00000000f9b80000,0x00000000f9b80000,0x00000000fa400000)
 ParOldGen       total 44032K, used 22823K [0x00000000e0000000, 0x00000000e2b00000, 0x00000000f5500000)
  object space 44032K, 51% used [0x00000000e0000000,0x00000000e1649e50,0x00000000e2b00000)
 PSPermGen       total 21504K, used 11479K [0x00000000d0000000, 0x00000000d1500000, 0x00000000e0000000)
  object space 21504K, 53% used [0x00000000d0000000,0x00000000d0b35da8,0x00000000d1500000)
}
Event: 19.338 GC heap before
{Heap before GC invocations=14 (full 0):
 PSYoungGen      total 48128K, used 42761K [0x00000000f5500000, 0x00000000fa400000, 0x0000000100000000)
  eden space 39424K, 99% used [0x00000000f5500000,0x00000000f7b5cbc8,0x00000000f7b80000)
  from space 8704K, 39% used [0x00000000f7b80000,0x00000000f7ee5ab0,0x00000000f8400000)
  to   space 8704K, 0% used [0x00000000f9b80000,0x00000000f9b80000,0x00000000fa400000)
 ParOldGen       total 44032K, used 22823K [0x00000000e0000000, 0x00000000e2b00000, 0x00000000f5500000)
  object space 44032K, 51% used [0x00000000e0000000,0x00000000e1649e50,0x00000000e2b00000)
 PSPermGen       total 21504K, used 14305K [0x00000000d0000000, 0x00000000d1500000, 0x00000000e0000000)
  object space 21504K, 66% used [0x00000000d0000000,0x00000000d0df8410,0x00000000d1500000)
Event: 19.359 GC heap after
Heap after GC invocations=14 (full 0):
 PSYoungGen      total 72192K, used 5502K [0x00000000f5500000, 0x00000000fa400000, 0x0000000100000000)
  eden space 63488K, 0% used [0x00000000f5500000,0x00000000f5500000,0x00000000f9300000)
  from space 8704K, 63% used [0x00000000f9b80000,0x00000000fa0dfae8,0x00000000fa400000)
  to   space 8704K, 0% used [0x00000000f9300000,0x00000000f9300000,0x00000000f9b80000)
 ParOldGen       total 44032K, used 22887K [0x00000000e0000000, 0x00000000e2b00000, 0x00000000f5500000)
  object space 44032K, 51% used [0x00000000e0000000,0x00000000e1659e60,0x00000000e2b00000)
 PSPermGen       total 21504K, used 14305K [0x00000000d0000000, 0x00000000d1500000, 0x00000000e0000000)
  object space 21504K, 66% used [0x00000000d0000000,0x00000000d0df8410,0x00000000d1500000)
}
Event: 29.086 GC heap before
{Heap before GC invocations=15 (full 0):
 PSYoungGen      total 72192K, used 68990K [0x00000000f5500000, 0x00000000fa400000, 0x0000000100000000)
  eden space 63488K, 100% used [0x00000000f5500000,0x00000000f9300000,0x00000000f9300000)
  from space 8704K, 63% used [0x00000000f9b80000,0x00000000fa0dfae8,0x00000000fa400000)
  to   space 8704K, 0% used [0x00000000f9300000,0x00000000f9300000,0x00000000f9b80000)
 ParOldGen       total 44032K, used 22887K [0x00000000e0000000, 0x00000000e2b00000, 0x00000000f5500000)
  object space 44032K, 51% used [0x00000000e0000000,0x00000000e1659e60,0x00000000e2b00000)
 PSPermGen       total 33792K, used 33436K [0x00000000d0000000, 0x00000000d2100000, 0x00000000e0000000)
  object space 33792K, 98% used [0x00000000d0000000,0x00000000d20a7018,0x00000000d2100000)
Event: 29.142 GC heap after
Heap after GC invocations=15 (full 0):
 PSYoungGen      total 72192K, used 8695K [0x00000000f5500000, 0x00000000fd480000, 0x0000000100000000)
  eden space 63488K, 0% used [0x00000000f5500000,0x00000000f5500000,0x00000000f9300000)
  from space 8704K, 99% used [0x00000000f9300000,0x00000000f9b7dc10,0x00000000f9b80000)
  to   space 14336K, 0% used [0x00000000fc680000,0x00000000fc680000,0x00000000fd480000)
 ParOldGen       total 44032K, used 35315K [0x00000000e0000000, 0x00000000e2b00000, 0x00000000f5500000)
  object space 44032K, 80% used [0x00000000e0000000,0x00000000e227cd78,0x00000000e2b00000)
 PSPermGen       total 33792K, used 33436K [0x00000000d0000000, 0x00000000d2100000, 0x00000000e0000000)
  object space 33792K, 98% used [0x00000000d0000000,0x00000000d20a7018,0x00000000d2100000)
}

